<?xml version="1.0" encoding="UTF-8"?>
<testsuite name="mpti.domain.opinion.application.ReviewServiceTest" tests="1" skipped="0" failures="0" errors="0" timestamp="2023-02-05T12:50:49" hostname="DESKTOP-UT0NE2N" time="0.468">
  <properties/>
  <testcase name="리뷰 작성" classname="mpti.domain.opinion.application.ReviewServiceTest" time="0.468"/>
  <system-out><![CDATA[21:50:43.549 [Test worker] DEBUG org.springframework.test.context.BootstrapUtils - Instantiating CacheAwareContextLoaderDelegate from class [org.springframework.test.context.cache.DefaultCacheAwareContextLoaderDelegate]
21:50:43.560 [Test worker] DEBUG org.springframework.test.context.BootstrapUtils - Instantiating BootstrapContext using constructor [public org.springframework.test.context.support.DefaultBootstrapContext(java.lang.Class,org.springframework.test.context.CacheAwareContextLoaderDelegate)]
21:50:43.602 [Test worker] DEBUG org.springframework.test.context.BootstrapUtils - Instantiating TestContextBootstrapper for test class [mpti.domain.opinion.application.ReviewServiceTest] from class [org.springframework.boot.test.context.SpringBootTestContextBootstrapper]
21:50:43.612 [Test worker] INFO org.springframework.boot.test.context.SpringBootTestContextBootstrapper - Neither @ContextConfiguration nor @ContextHierarchy found for test class [mpti.domain.opinion.application.ReviewServiceTest], using SpringBootContextLoader
21:50:43.615 [Test worker] DEBUG org.springframework.test.context.support.AbstractContextLoader - Did not detect default resource location for test class [mpti.domain.opinion.application.ReviewServiceTest]: class path resource [mpti/domain/opinion/application/ReviewServiceTest-context.xml] does not exist
21:50:43.616 [Test worker] DEBUG org.springframework.test.context.support.AbstractContextLoader - Did not detect default resource location for test class [mpti.domain.opinion.application.ReviewServiceTest]: class path resource [mpti/domain/opinion/application/ReviewServiceTestContext.groovy] does not exist
21:50:43.616 [Test worker] INFO org.springframework.test.context.support.AbstractContextLoader - Could not detect default resource locations for test class [mpti.domain.opinion.application.ReviewServiceTest]: no resource found for suffixes {-context.xml, Context.groovy}.
21:50:43.616 [Test worker] INFO org.springframework.test.context.support.AnnotationConfigContextLoaderUtils - Could not detect default configuration classes for test class [mpti.domain.opinion.application.ReviewServiceTest]: ReviewServiceTest does not declare any static, non-private, non-final, nested classes annotated with @Configuration.
21:50:43.657 [Test worker] DEBUG org.springframework.test.context.support.ActiveProfilesUtils - Could not find an 'annotation declaring class' for annotation type [org.springframework.test.context.ActiveProfiles] and class [mpti.domain.opinion.application.ReviewServiceTest]
21:50:43.720 [Test worker] DEBUG org.springframework.context.annotation.ClassPathScanningCandidateComponentProvider - Identified candidate component class: file [C:\Users\j\git\business\backend\business\build\classes\java\main\mpti\CommonApplication.class]
21:50:43.720 [Test worker] INFO org.springframework.boot.test.context.SpringBootTestContextBootstrapper - Found @SpringBootConfiguration mpti.CommonApplication for test class mpti.domain.opinion.application.ReviewServiceTest
21:50:43.812 [Test worker] DEBUG org.springframework.boot.test.context.SpringBootTestContextBootstrapper - @TestExecutionListeners is not present for class [mpti.domain.opinion.application.ReviewServiceTest]: using defaults.
21:50:43.812 [Test worker] INFO org.springframework.boot.test.context.SpringBootTestContextBootstrapper - Loaded default TestExecutionListener class names from location [META-INF/spring.factories]: [org.springframework.security.test.context.support.WithSecurityContextTestExecutionListener, org.springframework.security.test.context.support.ReactorContextTestExecutionListener, org.springframework.boot.test.autoconfigure.restdocs.RestDocsTestExecutionListener, org.springframework.boot.test.autoconfigure.web.client.MockRestServiceServerResetTestExecutionListener, org.springframework.boot.test.autoconfigure.web.servlet.MockMvcPrintOnlyOnFailureTestExecutionListener, org.springframework.boot.test.autoconfigure.web.servlet.WebDriverTestExecutionListener, org.springframework.boot.test.autoconfigure.webservices.client.MockWebServiceServerTestExecutionListener, org.springframework.boot.test.mock.mockito.MockitoTestExecutionListener, org.springframework.boot.test.mock.mockito.ResetMocksTestExecutionListener, org.springframework.test.context.web.ServletTestExecutionListener, org.springframework.test.context.support.DirtiesContextBeforeModesTestExecutionListener, org.springframework.test.context.event.ApplicationEventsTestExecutionListener, org.springframework.test.context.support.DependencyInjectionTestExecutionListener, org.springframework.test.context.support.DirtiesContextTestExecutionListener, org.springframework.test.context.transaction.TransactionalTestExecutionListener, org.springframework.test.context.jdbc.SqlScriptsTestExecutionListener, org.springframework.test.context.event.EventPublishingTestExecutionListener]
21:50:43.829 [Test worker] INFO org.springframework.boot.test.context.SpringBootTestContextBootstrapper - Using TestExecutionListeners: [org.springframework.test.context.web.ServletTestExecutionListener@54a3ab8f, org.springframework.test.context.support.DirtiesContextBeforeModesTestExecutionListener@1968a49c, org.springframework.test.context.event.ApplicationEventsTestExecutionListener@6a1ebcff, org.springframework.boot.test.mock.mockito.MockitoTestExecutionListener@19868320, org.springframework.boot.test.autoconfigure.SpringBootDependencyInjectionTestExecutionListener@50b0bc4c, org.springframework.test.context.support.DirtiesContextTestExecutionListener@c20be82, org.springframework.test.context.transaction.TransactionalTestExecutionListener@13c612bd, org.springframework.test.context.jdbc.SqlScriptsTestExecutionListener@3ef41c66, org.springframework.security.test.context.support.WithSecurityContextTestExecutionListener@6b739528, org.springframework.test.context.event.EventPublishingTestExecutionListener@622ef26a, org.springframework.security.test.context.support.ReactorContextTestExecutionListener@41de5768, org.springframework.boot.test.autoconfigure.restdocs.RestDocsTestExecutionListener@5f577419, org.springframework.boot.test.autoconfigure.web.client.MockRestServiceServerResetTestExecutionListener@28fa700e, org.springframework.boot.test.autoconfigure.web.servlet.MockMvcPrintOnlyOnFailureTestExecutionListener@3d526ad9, org.springframework.boot.test.autoconfigure.web.servlet.WebDriverTestExecutionListener@e041f0c, org.springframework.boot.test.autoconfigure.webservices.client.MockWebServiceServerTestExecutionListener@6a175569, org.springframework.boot.test.mock.mockito.ResetMocksTestExecutionListener@11963225]
21:50:43.833 [Test worker] DEBUG org.springframework.test.context.support.AbstractDirtiesContextTestExecutionListener - Before test class: context [DefaultTestContext@4201a617 testClass = ReviewServiceTest, testInstance = [null], testMethod = [null], testException = [null], mergedContextConfiguration = [WebMergedContextConfiguration@467f77a5 testClass = ReviewServiceTest, locations = '{}', classes = '{class mpti.CommonApplication}', contextInitializerClasses = '[]', activeProfiles = '{}', propertySourceLocations = '{}', propertySourceProperties = '{org.springframework.boot.test.context.SpringBootTestContextBootstrapper=true}', contextCustomizers = set[org.springframework.boot.test.autoconfigure.actuate.metrics.MetricsExportContextCustomizerFactory$DisableMetricExportContextCustomizer@e077866, org.springframework.boot.test.autoconfigure.properties.PropertyMappingContextCustomizer@0, org.springframework.boot.test.autoconfigure.web.servlet.WebDriverContextCustomizerFactory$Customizer@6d304f9d, org.springframework.boot.test.context.filter.ExcludeFilterContextCustomizer@51cd7ffc, org.springframework.boot.test.json.DuplicateJsonObjectContextCustomizerFactory$DuplicateJsonObjectContextCustomizer@6f2cb653, org.springframework.boot.test.mock.mockito.MockitoContextCustomizer@0, org.springframework.boot.test.web.client.TestRestTemplateContextCustomizer@41925502, org.springframework.boot.test.context.SpringBootTestArgs@1, org.springframework.boot.test.context.SpringBootTestWebEnvironment@5f20155b], resourceBasePath = 'src/main/webapp', contextLoader = 'org.springframework.boot.test.context.SpringBootContextLoader', parent = [null]], attributes = map['org.springframework.test.context.web.ServletTestExecutionListener.activateListener' -> true]], class annotated with @DirtiesContext [false] with mode [null].

  .   ____          _            __ _ _
 /\\ / ___'_ __ _ _(_)_ __  __ _ \ \ \ \
( ( )\___ | '_ | '_| | '_ \/ _` | \ \ \ \
 \\/  ___)| |_)| | | | | || (_| |  ) ) ) )
  '  |____| .__|_| |_|_| |_\__, | / / / /
 =========|_|==============|___/=/_/_/_/
 :: Spring Boot ::                (v2.7.8)

2023-02-05 21:50:44.195  INFO 2176 --- [    Test worker] m.d.o.application.ReviewServiceTest      : Starting ReviewServiceTest using Java 11.0.16.1 on DESKTOP-UT0NE2N with PID 2176 (started by j in C:\Users\j\git\business\backend\business)
2023-02-05 21:50:44.196  INFO 2176 --- [    Test worker] m.d.o.application.ReviewServiceTest      : No active profile set, falling back to 1 default profile: "default"
2023-02-05 21:50:44.892  INFO 2176 --- [    Test worker] .s.d.r.c.RepositoryConfigurationDelegate : Bootstrapping Spring Data JPA repositories in DEFAULT mode.
2023-02-05 21:50:44.959  INFO 2176 --- [    Test worker] .s.d.r.c.RepositoryConfigurationDelegate : Finished Spring Data repository scanning in 55 ms. Found 3 JPA repository interfaces.
2023-02-05 21:50:45.527  INFO 2176 --- [    Test worker] o.hibernate.jpa.internal.util.LogHelper  : HHH000204: Processing PersistenceUnitInfo [name: default]
2023-02-05 21:50:45.580  INFO 2176 --- [    Test worker] org.hibernate.Version                    : HHH000412: Hibernate ORM core version 5.6.14.Final
2023-02-05 21:50:45.763  INFO 2176 --- [    Test worker] o.hibernate.annotations.common.Version   : HCANN000001: Hibernate Commons Annotations {5.1.2.Final}
2023-02-05 21:50:45.910  INFO 2176 --- [    Test worker] com.zaxxer.hikari.HikariDataSource       : HikariPool-1 - Starting...
2023-02-05 21:50:46.376  INFO 2176 --- [    Test worker] com.zaxxer.hikari.HikariDataSource       : HikariPool-1 - Start completed.
2023-02-05 21:50:46.395  INFO 2176 --- [    Test worker] org.hibernate.dialect.Dialect            : HHH000400: Using dialect: org.hibernate.dialect.MySQL5InnoDBDialect
2023-02-05 21:50:47.184 DEBUG 2176 --- [    Test worker] org.hibernate.SQL                        : 
    
    drop table if exists opinion
Hibernate: 
    
    drop table if exists opinion
2023-02-05 21:50:47.228 DEBUG 2176 --- [    Test worker] org.hibernate.SQL                        : 
    
    drop table if exists reservation
Hibernate: 
    
    drop table if exists reservation
2023-02-05 21:50:47.264 DEBUG 2176 --- [    Test worker] org.hibernate.SQL                        : 
    
    create table opinion (
       dtype varchar(31) not null,
        opinion_id bigint not null auto_increment,
        created_at datetime,
        memo varchar(255),
        target_id bigint,
        target_name varchar(255),
        writer_id bigint,
        writer_name varchar(255),
        report_type varchar(255),
        stop_until datetime,
        target_role integer,
        star double precision,
        primary key (opinion_id)
    ) engine=InnoDB
Hibernate: 
    
    create table opinion (
       dtype varchar(31) not null,
        opinion_id bigint not null auto_increment,
        created_at datetime,
        memo varchar(255),
        target_id bigint,
        target_name varchar(255),
        writer_id bigint,
        writer_name varchar(255),
        report_type varchar(255),
        stop_until datetime,
        target_role integer,
        star double precision,
        primary key (opinion_id)
    ) engine=InnoDB
2023-02-05 21:50:47.308 DEBUG 2176 --- [    Test worker] org.hibernate.SQL                        : 
    
    create table reservation (
       reservation_id bigint not null auto_increment,
        created_at datetime,
        day integer not null,
        hour integer not null,
        month integer not null,
        session_id varchar(255),
        trainer_id bigint,
        trainer_name varchar(255),
        user_id bigint,
        user_name varchar(255),
        year integer not null,
        primary key (reservation_id)
    ) engine=InnoDB
Hibernate: 
    
    create table reservation (
       reservation_id bigint not null auto_increment,
        created_at datetime,
        day integer not null,
        hour integer not null,
        month integer not null,
        session_id varchar(255),
        trainer_id bigint,
        trainer_name varchar(255),
        user_id bigint,
        user_name varchar(255),
        year integer not null,
        primary key (reservation_id)
    ) engine=InnoDB
2023-02-05 21:50:47.354  INFO 2176 --- [    Test worker] o.h.e.t.j.p.i.JtaPlatformInitiator       : HHH000490: Using JtaPlatform implementation: [org.hibernate.engine.transaction.jta.platform.internal.NoJtaPlatform]
2023-02-05 21:50:47.363  INFO 2176 --- [    Test worker] j.LocalContainerEntityManagerFactoryBean : Initialized JPA EntityManagerFactory for persistence unit 'default'
2023-02-05 21:50:47.462  WARN 2176 --- [    Test worker] JpaBaseConfiguration$JpaWebConfiguration : spring.jpa.open-in-view is enabled by default. Therefore, database queries may be performed during view rendering. Explicitly configure spring.jpa.open-in-view to disable this warning
2023-02-05 21:50:48.366  WARN 2176 --- [    Test worker] .s.s.UserDetailsServiceAutoConfiguration : 

Using generated security password: de4cb936-bbc8-4416-8ea9-d7095b12ccc1

This generated password is for development use only. Your security configuration must be updated before running your application in production.

2023-02-05 21:50:48.524  INFO 2176 --- [    Test worker] o.s.s.web.DefaultSecurityFilterChain     : Will secure any request with [org.springframework.security.web.session.DisableEncodeUrlFilter@28b47211, org.springframework.security.web.context.request.async.WebAsyncManagerIntegrationFilter@4abb4041, org.springframework.security.web.context.SecurityContextPersistenceFilter@1196537d, org.springframework.security.web.header.HeaderWriterFilter@5dc8448b, org.springframework.web.filter.CorsFilter@11a7840f, org.springframework.security.web.authentication.logout.LogoutFilter@5c59dfc7, org.springframework.security.web.savedrequest.RequestCacheAwareFilter@623bdc46, org.springframework.security.web.servletapi.SecurityContextHolderAwareRequestFilter@5af7e2f, org.springframework.security.web.authentication.AnonymousAuthenticationFilter@247415be, org.springframework.security.web.session.SessionManagementFilter@255b84a9, org.springframework.security.web.access.ExceptionTranslationFilter@26619e5]
2023-02-05 21:50:49.568  INFO 2176 --- [    Test worker] m.d.o.application.ReviewServiceTest      : Started ReviewServiceTest in 5.704 seconds (JVM running for 6.998)
2023-02-05 21:50:49.838 DEBUG 2176 --- [    Test worker] org.hibernate.SQL                        : 
    insert 
    into
        opinion
        (created_at, memo, target_id, target_name, writer_id, writer_name, star, dtype) 
    values
        (?, ?, ?, ?, ?, ?, ?, 'review')
Hibernate: 
    insert 
    into
        opinion
        (created_at, memo, target_id, target_name, writer_id, writer_name, star, dtype) 
    values
        (?, ?, ?, ?, ?, ?, ?, 'review')
2023-02-05 21:50:49.963 DEBUG 2176 --- [    Test worker] org.hibernate.SQL                        : 
    select
        review0_.opinion_id as opinion_2_0_0_,
        review0_.created_at as created_3_0_0_,
        review0_.memo as memo4_0_0_,
        review0_.target_id as target_i5_0_0_,
        review0_.target_name as target_n6_0_0_,
        review0_.writer_id as writer_i7_0_0_,
        review0_.writer_name as writer_n8_0_0_,
        review0_.star as star12_0_0_ 
    from
        opinion review0_ 
    where
        review0_.opinion_id=? 
        and review0_.dtype='review'
Hibernate: 
    select
        review0_.opinion_id as opinion_2_0_0_,
        review0_.created_at as created_3_0_0_,
        review0_.memo as memo4_0_0_,
        review0_.target_id as target_i5_0_0_,
        review0_.target_name as target_n6_0_0_,
        review0_.writer_id as writer_i7_0_0_,
        review0_.writer_name as writer_n8_0_0_,
        review0_.star as star12_0_0_ 
    from
        opinion review0_ 
    where
        review0_.opinion_id=? 
        and review0_.dtype='review'
]]></system-out>
  <system-err><![CDATA[]]></system-err>
</testsuite>
